ggml_cuda_init: found 1 CUDA devices (Total VRAM: 12281 MiB):
  Device 0: NVIDIA GeForce RTX 4080 Laptop GPU, compute capability 8.9, VMM: yes, VRAM: 12281 MiB
ggml_backend_cuda_graph_compute: CUDA graph warmup complete
Testing 2 devices

Backend 1/2: CUDA0
  Device description: NVIDIA GeForce RTX 4080 Laptop GPU
  Device memory: 12281 MB (11063 MB free)

  FLASH_ATTN_EXT(hsk=72,hsv=72,nh=16,nr23=[1,1],kv=5776,nb=5776,mask=0,sinks=0,max_bias=0.000000,logit_softcap=0.000000,prec=f32,type_K=f16,type_V=f16,permute=[0,1,2,3]): ggml_backend_cuda_graph_compute: CUDA graph warmup reset
ggml_backend_cuda_graph_compute: CUDA graph warmup complete
               58 runs - 17467.90 us/run - 153.73 GFLOP/run - [1;34m  8.80 TFLOPS[0m
  FLASH_ATTN_EXT(hsk=64,hsv=64,nh=8,nr23=[8,1],kv=7680,nb=1,mask=1,sinks=0,max_bias=0.000000,logit_softcap=0.000000,prec=f32,type_K=f16,type_V=f16,permute=[0,1,2,3]): ggml_backend_cuda_graph_compute: CUDA graph warmup reset
ggml_backend_cuda_graph_compute: CUDA graph warmup complete
                15105 runs -    69.41 us/run - 125.83 MFLOP/run - [1;34m  1.81 TFLOPS[0m
  FLASH_ATTN_EXT(hsk=64,hsv=64,nh=8,nr23=[8,1],kv=7680,nb=4,mask=1,sinks=0,max_bias=0.000000,logit_softcap=0.000000,prec=f32,type_K=f16,type_V=f16,permute=[0,1,2,3]): ggml_backend_cuda_graph_compute: CUDA graph warmup reset
ggml_backend_cuda_graph_compute: CUDA graph warmup complete
                46765 runs -    21.40 us/run - 503.32 MFLOP/run - [1;34m 23.52 TFLOPS[0m
  FLASH_ATTN_EXT(hsk=64,hsv=64,nh=8,nr23=[8,1],kv=7680,nb=1,mask=1,sinks=0,max_bias=0.000000,logit_softcap=0.000000,prec=f32,type_K=q4_0,type_V=q4_0,permute=[0,1,2,3]): ggml_backend_cuda_graph_compute: CUDA graph warmup reset
ggml_backend_cuda_graph_compute: CUDA graph warmup complete
              12720 runs -    81.68 us/run - 125.83 MFLOP/run - [1;34m  1.54 TFLOPS[0m
  FLASH_ATTN_EXT(hsk=64,hsv=64,nh=8,nr23=[8,1],kv=7680,nb=512,mask=1,sinks=0,max_bias=0.000000,logit_softcap=0.000000,prec=f32,type_K=q4_0,type_V=q4_0,permute=[0,1,2,3]): ggml_backend_cuda_graph_compute: CUDA graph warmup reset
ggml_backend_cuda_graph_compute: CUDA graph warmup complete
              716 runs -  1398.07 us/run -  64.42 GFLOP/run - [1;34m 46.08 TFLOPS[0m
  FLASH_ATTN_EXT(hsk=64,hsv=64,nh=8,nr23=[8,1],kv=7680,nb=1,mask=1,sinks=0,max_bias=0.000000,logit_softcap=0.000000,prec=f32,type_K=q8_0,type_V=q8_0,permute=[0,1,2,3]): ggml_backend_cuda_graph_compute: CUDA graph warmup reset
ggml_backend_cuda_graph_compute: CUDA graph warmup complete
              12720 runs -    81.24 us/run - 125.83 MFLOP/run - [1;34m  1.55 TFLOPS[0m
  FLASH_ATTN_EXT(hsk=64,hsv=64,nh=8,nr23=[8,1],kv=7680,nb=512,mask=1,sinks=0,max_bias=0.000000,logit_softcap=0.000000,prec=f32,type_K=q8_0,type_V=q8_0,permute=[0,1,2,3]): ggml_backend_cuda_graph_compute: CUDA graph warmup reset
ggml_backend_cuda_graph_compute: CUDA graph warmup complete
              672 runs -  1489.65 us/run -  64.42 GFLOP/run - [1;34m 43.25 TFLOPS[0m
  FLASH_ATTN_EXT(hsk=64,hsv=64,nh=8,nr23=[1,1],kv=4096,nb=1,mask=1,sinks=0,max_bias=0.000000,logit_softcap=0.000000,prec=f32,type_K=f16,type_V=f16,permute=[0,1,2,3]): ggml_backend_cuda_graph_compute: CUDA graph warmup reset
ggml_backend_cuda_graph_compute: CUDA graph warmup complete
                90090 runs -    11.71 us/run -   8.39 MFLOP/run - [1;34m716.56 GFLOPS[0m
  FLASH_ATTN_EXT(hsk=64,hsv=64,nh=8,nr23=[4,1],kv=4096,nb=1,mask=1,sinks=0,max_bias=0.000000,logit_softcap=0.000000,prec=f32,type_K=f16,type_V=f16,permute=[0,1,2,3]): ggml_backend_cuda_graph_compute: CUDA graph warmup reset
ggml_backend_cuda_graph_compute: CUDA graph warmup complete
                41734 runs -    24.41 us/run -  33.55 MFLOP/run - [1;34m  1.37 TFLOPS[0m
  FLASH_ATTN_EXT(hsk=128,hsv=128,nh=8,nr23=[1,1],kv=4096,nb=1,mask=1,sinks=0,max_bias=0.000000,logit_softcap=0.000000,prec=f32,type_K=f16,type_V=f16,permute=[0,1,2,3]): ggml_backend_cuda_graph_compute: CUDA graph warmup reset
ggml_backend_cuda_graph_compute: CUDA graph warmup complete
              65571 runs -    15.93 us/run -  16.78 MFLOP/run - [1;34m  1.05 TFLOPS[0m
  FLASH_ATTN_EXT(hsk=128,hsv=128,nh=8,nr23=[4,1],kv=4096,nb=1,mask=1,sinks=0,max_bias=0.000000,logit_softcap=0.000000,prec=f32,type_K=f16,type_V=f16,permute=[0,1,2,3]): ggml_backend_cuda_graph_compute: CUDA graph warmup reset
ggml_backend_cuda_graph_compute: CUDA graph warmup complete
              20874 runs -    49.58 us/run -  67.11 MFLOP/run - [1;34m  1.35 TFLOPS[0m
  FLASH_ATTN_EXT(hsk=64,hsv=64,nh=8,nr23=[1,1],kv=8192,nb=1,mask=1,sinks=0,max_bias=0.000000,logit_softcap=0.000000,prec=f32,type_K=f16,type_V=f16,permute=[0,1,2,3]): ggml_backend_cuda_graph_compute: CUDA graph warmup reset
ggml_backend_cuda_graph_compute: CUDA graph warmup complete
                59610 runs -    16.92 us/run -  16.78 MFLOP/run - [1;34m991.38 GFLOPS[0m
  FLASH_ATTN_EXT(hsk=64,hsv=64,nh=8,nr23=[4,1],kv=8192,nb=1,mask=1,sinks=0,max_bias=0.000000,logit_softcap=0.000000,prec=f32,type_K=f16,type_V=f16,permute=[0,1,2,3]): ggml_backend_cuda_graph_compute: CUDA graph warmup reset
ggml_backend_cuda_graph_compute: CUDA graph warmup complete
                22365 runs -    46.53 us/run -  67.11 MFLOP/run - [1;34m  1.44 TFLOPS[0m
  FLASH_ATTN_EXT(hsk=128,hsv=128,nh=8,nr23=[1,1],kv=8192,nb=1,mask=1,sinks=0,max_bias=0.000000,logit_softcap=0.000000,prec=f32,type_K=f16,type_V=f16,permute=[0,1,2,3]): ggml_backend_cuda_graph_compute: CUDA graph warmup reset
ggml_backend_cuda_graph_compute: CUDA graph warmup complete
              38753 runs -    27.26 us/run -  33.55 MFLOP/run - [1;34m  1.23 TFLOPS[0m
  FLASH_ATTN_EXT(hsk=128,hsv=128,nh=8,nr23=[4,1],kv=8192,nb=1,mask=1,sinks=0,max_bias=0.000000,logit_softcap=0.000000,prec=f32,type_K=f16,type_V=f16,permute=[0,1,2,3]): ggml_backend_cuda_graph_compute: CUDA graph warmup reset
ggml_backend_cuda_graph_compute: CUDA graph warmup complete
              11190 runs -    90.23 us/run - 134.22 MFLOP/run - [1;34m  1.49 TFLOPS[0m
  FLASH_ATTN_EXT(hsk=64,hsv=64,nh=8,nr23=[1,1],kv=16384,nb=1,mask=1,sinks=0,max_bias=0.000000,logit_softcap=0.000000,prec=f32,type_K=f16,type_V=f16,permute=[0,1,2,3]): ggml_backend_cuda_graph_compute: CUDA graph warmup reset
ggml_backend_cuda_graph_compute: CUDA graph warmup complete
               38753 runs -    26.30 us/run -  33.55 MFLOP/run - [1;34m  1.28 TFLOPS[0m
  FLASH_ATTN_EXT(hsk=64,hsv=64,nh=8,nr23=[4,1],kv=16384,nb=1,mask=1,sinks=0,max_bias=0.000000,logit_softcap=0.000000,prec=f32,type_K=f16,type_V=f16,permute=[0,1,2,3]): ggml_backend_cuda_graph_compute: CUDA graph warmup reset
ggml_backend_cuda_graph_compute: CUDA graph warmup complete
               11936 runs -    88.58 us/run - 134.22 MFLOP/run - [1;34m  1.52 TFLOPS[0m
  FLASH_ATTN_EXT(hsk=128,hsv=128,nh=8,nr23=[1,1],kv=16384,nb=1,mask=1,sinks=0,max_bias=0.000000,logit_softcap=0.000000,prec=f32,type_K=f16,type_V=f16,permute=[0,1,2,3]): ggml_backend_cuda_graph_compute: CUDA graph warmup reset
ggml_backend_cuda_graph_compute: CUDA graph warmup complete
              5964 runs -   182.62 us/run -  67.11 MFLOP/run - [1;34m367.48 GFLOPS[0m
  FLASH_ATTN_EXT(hsk=128,hsv=128,nh=8,nr23=[4,1],kv=16384,nb=1,mask=1,sinks=0,max_bias=0.000000,logit_softcap=0.000000,prec=f32,type_K=f16,type_V=f16,permute=[0,1,2,3]):               5595 runs -   187.72 us/run - 268.44 MFLOP/run - [1;34m  1.43 TFLOPS[0m
  Backend CUDA0: [1;32mOK[0m
Backend 2/2: CPU
  Skipping
2/2 backends passed
[1;32mOK[0m
